{"D:\\Projects\\user-summary\\src\\utils\\userHelper\\helper.ts": {"path":"D:\\Projects\\user-summary\\src\\utils\\userHelper\\helper.ts","statementMap":{"0":{"start":{"line":8,"column":0},"end":{"line":8,"column":22}},"1":{"start":{"line":20,"column":0},"end":{"line":20,"column":16}},"2":{"start":{"line":9,"column":2},"end":{"line":17,"column":3}},"3":{"start":{"line":10,"column":21},"end":{"line":10,"column":63}},"4":{"start":{"line":11,"column":18},"end":{"line":11,"column":39}},"5":{"start":{"line":13,"column":4},"end":{"line":13,"column":22}},"6":{"start":{"line":15,"column":4},"end":{"line":15,"column":50}},"7":{"start":{"line":16,"column":4},"end":{"line":16,"column":45}},"8":{"start":{"line":21,"column":34},"end":{"line":21,"column":36}},"9":{"start":{"line":23,"column":47},"end":{"line":23,"column":49}},"10":{"start":{"line":25,"column":2},"end":{"line":51,"column":3}},"11":{"start":{"line":26,"column":27},"end":{"line":26,"column":39}},"12":{"start":{"line":28,"column":4},"end":{"line":37,"column":5}},"13":{"start":{"line":29,"column":6},"end":{"line":35,"column":8}},"14":{"start":{"line":36,"column":6},"end":{"line":36,"column":34}},"15":{"start":{"line":39,"column":4},"end":{"line":39,"column":42}},"16":{"start":{"line":41,"column":20},"end":{"line":41,"column":38}},"17":{"start":{"line":44,"column":4},"end":{"line":44,"column":31}},"18":{"start":{"line":47,"column":4},"end":{"line":47,"column":34}},"19":{"start":{"line":50,"column":4},"end":{"line":50,"column":34}},"20":{"start":{"line":54,"column":2},"end":{"line":54,"column":40}},"21":{"start":{"line":56,"column":2},"end":{"line":56,"column":16}},"22":{"start":{"line":60,"column":2},"end":{"line":64,"column":3}},"23":{"start":{"line":61,"column":4},"end":{"line":61,"column":19}},"24":{"start":{"line":62,"column":9},"end":{"line":64,"column":3}},"25":{"start":{"line":63,"column":4},"end":{"line":63,"column":21}},"26":{"start":{"line":68,"column":20},"end":{"line":68,"column":35}},"27":{"start":{"line":69,"column":2},"end":{"line":69,"column":63}},"28":{"start":{"line":73,"column":18},"end":{"line":73,"column":53}},"29":{"start":{"line":74,"column":2},"end":{"line":74,"column":57}},"30":{"start":{"line":81,"column":2},"end":{"line":88,"column":3}},"31":{"start":{"line":82,"column":17},"end":{"line":82,"column":33}},"32":{"start":{"line":84,"column":19},"end":{"line":84,"column":36}},"33":{"start":{"line":85,"column":19},"end":{"line":85,"column":36}},"34":{"start":{"line":87,"column":4},"end":{"line":87,"column":51}}},"fnMap":{"0":{"name":"fetchUsers","decl":{"start":{"line":8,"column":22},"end":{"line":8,"column":32}},"loc":{"start":{"line":8,"column":32},"end":{"line":18,"column":null}}},"1":{"name":"transformUserData","decl":{"start":{"line":20,"column":16},"end":{"line":20,"column":33}},"loc":{"start":{"line":20,"column":47},"end":{"line":57,"column":1}}},"2":{"name":"countGender","decl":{"start":{"line":59,"column":9},"end":{"line":59,"column":20}},"loc":{"start":{"line":59,"column":53},"end":{"line":65,"column":1}}},"3":{"name":"countHairColor","decl":{"start":{"line":67,"column":9},"end":{"line":67,"column":23}},"loc":{"start":{"line":67,"column":56},"end":{"line":70,"column":1}}},"4":{"name":"mapAddressUser","decl":{"start":{"line":72,"column":9},"end":{"line":72,"column":23}},"loc":{"start":{"line":72,"column":56},"end":{"line":75,"column":1}}},"5":{"name":"calculateAgeRange","decl":{"start":{"line":77,"column":9},"end":{"line":77,"column":26}},"loc":{"start":{"line":79,"column":26},"end":{"line":89,"column":1}}}},"branchMap":{"0":{"loc":{"start":{"line":28,"column":4},"end":{"line":37,"column":5}},"type":"if","locations":[{"start":{"line":28,"column":4},"end":{"line":37,"column":5}},{"start":{},"end":{}}]},"1":{"loc":{"start":{"line":60,"column":2},"end":{"line":64,"column":3}},"type":"if","locations":[{"start":{"line":60,"column":2},"end":{"line":64,"column":3}},{"start":{"line":62,"column":9},"end":{"line":64,"column":3}}]},"2":{"loc":{"start":{"line":62,"column":9},"end":{"line":64,"column":3}},"type":"if","locations":[{"start":{"line":62,"column":9},"end":{"line":64,"column":3}},{"start":{},"end":{}}]},"3":{"loc":{"start":{"line":69,"column":29},"end":{"line":69,"column":57}},"type":"binary-expr","locations":[{"start":{"line":69,"column":29},"end":{"line":69,"column":52}},{"start":{"line":69,"column":56},"end":{"line":69,"column":57}}]}},"s":{"0":2,"1":2,"2":2,"3":2,"4":1,"5":1,"6":1,"7":1,"8":1,"9":1,"10":1,"11":2,"12":2,"13":1,"14":1,"15":2,"16":2,"17":2,"18":2,"19":2,"20":1,"21":1,"22":2,"23":1,"24":1,"25":1,"26":2,"27":2,"28":2,"29":2,"30":1,"31":1,"32":1,"33":1,"34":1},"f":{"0":2,"1":1,"2":2,"3":2,"4":2,"5":1},"b":{"0":[1,1],"1":[1,1],"2":[1,0],"3":[2,2]}}
}
