TN:
SF:src\utils\userHelper\helper.ts
FN:8,fetchUsers
FN:20,transformUserData
FN:59,countGender
FN:67,countHairColor
FN:72,mapAddressUser
FN:77,calculateAgeRange
FNF:6
FNH:6
FNDA:2,fetchUsers
FNDA:1,transformUserData
FNDA:2,countGender
FNDA:2,countHairColor
FNDA:2,mapAddressUser
FNDA:1,calculateAgeRange
DA:8,2
DA:9,2
DA:10,2
DA:11,1
DA:13,1
DA:15,1
DA:16,1
DA:20,2
DA:21,1
DA:23,1
DA:25,1
DA:26,2
DA:28,2
DA:29,1
DA:36,1
DA:39,2
DA:41,2
DA:44,2
DA:47,2
DA:50,2
DA:54,1
DA:56,1
DA:60,2
DA:61,1
DA:62,1
DA:63,1
DA:68,2
DA:69,2
DA:73,2
DA:74,2
DA:81,1
DA:82,1
DA:84,1
DA:85,1
DA:87,1
LF:35
LH:35
BRDA:28,0,0,1
BRDA:28,0,1,1
BRDA:60,1,0,1
BRDA:60,1,1,1
BRDA:62,2,0,1
BRDA:62,2,1,0
BRDA:69,3,0,2
BRDA:69,3,1,2
BRF:8
BRH:7
end_of_record
